<?xml version="1.0" encoding="UTF-8"?>
<testng-results skipped="0" failed="0" ignored="0" total="2" passed="2">
  <reporter-output>
  </reporter-output>
  <suite name="Default suite" duration-ms="32875" started-at="2018-12-03T04:36:30Z" finished-at="2018-12-03T04:37:03Z">
    <groups>
    </groups>
    <test name="Default test" duration-ms="32875" started-at="2018-12-03T04:36:30Z" finished-at="2018-12-03T04:37:03Z">
      <class name="test.Tests">
        <test-method status="PASS" signature="setUp()[pri:0, instance:test.Tests@675d3402]" name="setUp" is-config="true" duration-ms="11174" started-at="2018-12-02T23:36:30Z" finished-at="2018-12-02T23:36:41Z">
          <reporter-output>
          </reporter-output>
        </test-method> <!-- setUp -->
        <test-method status="PASS" signature="pruebaDos()[pri:0, instance:test.Tests@675d3402]" name="pruebaDos" duration-ms="7845" started-at="2018-12-02T23:36:41Z" finished-at="2018-12-02T23:36:49Z">
          <reporter-output>
          </reporter-output>
        </test-method> <!-- pruebaDos -->
        <test-method status="PASS" signature="tearDown()[pri:0, instance:test.Tests@675d3402]" name="tearDown" is-config="true" duration-ms="102" started-at="2018-12-02T23:36:49Z" finished-at="2018-12-02T23:36:49Z">
          <reporter-output>
          </reporter-output>
        </test-method> <!-- tearDown -->
        <test-method status="PASS" signature="setUp()[pri:0, instance:test.Tests@675d3402]" name="setUp" is-config="true" duration-ms="8485" started-at="2018-12-02T23:36:49Z" finished-at="2018-12-02T23:36:57Z">
          <reporter-output>
          </reporter-output>
        </test-method> <!-- setUp -->
        <test-method status="PASS" signature="pruebaUno()[pri:0, instance:test.Tests@675d3402]" name="pruebaUno" duration-ms="5165" started-at="2018-12-02T23:36:57Z" finished-at="2018-12-02T23:37:02Z">
          <reporter-output>
          </reporter-output>
        </test-method> <!-- pruebaUno -->
        <test-method status="PASS" signature="tearDown()[pri:0, instance:test.Tests@675d3402]" name="tearDown" is-config="true" duration-ms="73" started-at="2018-12-02T23:37:02Z" finished-at="2018-12-02T23:37:03Z">
          <reporter-output>
          </reporter-output>
        </test-method> <!-- tearDown -->
      </class> <!-- test.Tests -->
    </test> <!-- Default test -->
  </suite> <!-- Default suite -->
</testng-results>
